<?xml version="1.0" encoding="UTF-8"?>
<testsuite xmlns:xsi="http://www.w3.org/2001/XMLSchema-instance" xsi:noNamespaceSchemaLocation="https://maven.apache.org/surefire/maven-surefire-plugin/xsd/surefire-test-report-3.0.xsd" version="3.0" name="com.pocmaster.site.SiteCreationSagaIntegrationTest" time="1.632" tests="1" errors="1" skipped="0" failures="0">
  <properties>
[...]
</properties>
  <testcase name="" classname="com.pocmaster.site.SiteCreationSagaIntegrationTest" time="1.632">
    <error message="Could not find a valid Docker environment. Please see logs and check configuration" type="java.lang.IllegalStateException"><![CDATA[java.lang.IllegalStateException: Could not find a valid Docker environment. Please see logs and check configuration
	at org.testcontainers.dockerclient.DockerClientProviderStrategy.lambda$getFirstValidStrategy$7(DockerClientProviderStrategy.java:277)
	at java.base/java.util.Optional.orElseThrow(Optional.java:403)
	at org.testcontainers.dockerclient.DockerClientProviderStrategy.getFirstValidStrategy(DockerClientProviderStrategy.java:268)
	at org.testcontainers.DockerClientFactory.getOrInitializeStrategy(DockerClientFactory.java:152)
	at org.testcontainers.DockerClientFactory.client(DockerClientFactory.java:194)
	at org.testcontainers.DockerClientFactory$1.getDockerClient(DockerClientFactory.java:106)
	at com.github.dockerjava.api.DockerClientDelegate.authConfig(DockerClientDelegate.java:109)
	at org.testcontainers.containers.GenericContainer.start(GenericContainer.java:332)
	at org.testcontainers.junit.jupiter.TestcontainersExtension$StoreAdapter.start(TestcontainersExtension.java:280)
	at org.testcontainers.junit.jupiter.TestcontainersExtension$StoreAdapter.access$200(TestcontainersExtension.java:267)
	at org.testcontainers.junit.jupiter.TestcontainersExtension.lambda$null$4(TestcontainersExtension.java:82)
	at org.testcontainers.junit.jupiter.TestcontainersExtension.lambda$startContainers$5(TestcontainersExtension.java:82)
	at java.base/java.util.ArrayList.forEach(ArrayList.java:1596)
	at org.testcontainers.junit.jupiter.TestcontainersExtension.startContainers(TestcontainersExtension.java:82)
	at org.testcontainers.junit.jupiter.TestcontainersExtension.beforeAll(TestcontainersExtension.java:56)
	at java.base/java.util.ArrayList.forEach(ArrayList.java:1596)
]]></error>
    <system-out><![CDATA[21:44:20.139 [main] INFO org.springframework.test.context.support.AnnotationConfigContextLoaderUtils -- Could not detect default configuration classes for test class [com.pocmaster.site.SiteCreationSagaIntegrationTest]: SiteCreationSagaIntegrationTest does not declare any static, non-private, non-final, nested classes annotated with @Configuration.
21:44:20.387 [main] INFO org.springframework.boot.test.context.SpringBootTestContextBootstrapper -- Found @SpringBootConfiguration com.pocmaster.site.SiteApplication for test class com.pocmaster.site.SiteCreationSagaIntegrationTest
21:44:20.659 [main] INFO org.testcontainers.images.PullPolicy -- Image pull policy will be performed by: DefaultPullPolicy()
21:44:20.664 [main] INFO org.testcontainers.utility.ImageNameSubstitutor -- Image name substitution will be performed by: DefaultImageNameSubstitutor (composite of 'ConfigurationFileImageNameSubstitutor' and 'PrefixingImageNameSubstitutor')
21:44:21.569 [main] WARN org.testcontainers.dockerclient.DockerClientProviderStrategy -- DOCKER_HOST unix:///Users/mac/.docker/run/docker.sock is not listening
21:44:21.578 [main] INFO org.testcontainers.dockerclient.DockerMachineClientProviderStrategy -- docker-machine executable was not found on PATH ([/Users/mac/.nvm/versions/node/v20.19.2/bin, /opt/maven/bin, /usr/local/opt/python@3.13/Frameworks/Python.framework/Versions/3.13/bin, /usr/local/opt/python@3.13/Frameworks/Python.framework/Versions/3.13/bin, /usr/local/bin, /System/Cryptexes/App/usr/bin, /usr/bin, /bin, /usr/sbin, /sbin, /var/run/com.apple.security.cryptexd/codex.system/bootstrap/usr/local/bin, /var/run/com.apple.security.cryptexd/codex.system/bootstrap/usr/bin, /var/run/com.apple.security.cryptexd/codex.system/bootstrap/usr/appleinternal/bin])
21:44:21.579 [main] ERROR org.testcontainers.dockerclient.DockerClientProviderStrategy -- Could not find a valid Docker environment. Please check configuration. Attempted configurations were:
	UnixSocketClientProviderStrategy: failed with exception InvalidConfigurationException (Could not find unix domain socket). Root cause NoSuchFileException (/var/run/docker.sock)As no valid configuration was found, execution cannot continue.
See https://java.testcontainers.org/on_failure.html for more details.
]]></system-out>
  </testcase>
</testsuite>