<?xml version="1.0" encoding="UTF-8"?>
<testsuite xmlns:xsi="http://www.w3.org/2001/XMLSchema-instance" xsi:noNamespaceSchemaLocation="https://maven.apache.org/surefire/maven-surefire-plugin/xsd/surefire-test-report-3.0.xsd" version="3.0" name="com.pocmaster.site.SiteCreationSagaIntegrationTest" time="8.029" tests="2" errors="0" skipped="0" failures="0">
  <properties>
[...]
</properties>
  <testcase name="createSite_success_logs_each_step" classname="com.pocmaster.site.SiteCreationSagaIntegrationTest" time="1.689">
    <system-out><![CDATA[05:31:31.405 [main] INFO org.springframework.test.context.support.AnnotationConfigContextLoaderUtils -- Could not detect default configuration classes for test class [com.pocmaster.site.SiteCreationSagaIntegrationTest]: SiteCreationSagaIntegrationTest does not declare any static, non-private, non-final, nested classes annotated with @Configuration.
05:31:31.514 [main] INFO org.springframework.boot.test.context.SpringBootTestContextBootstrapper -- Found @SpringBootConfiguration com.pocmaster.site.SiteApplication for test class com.pocmaster.site.SiteCreationSagaIntegrationTest
05:31:31.627 [main] INFO org.testcontainers.images.PullPolicy -- Image pull policy will be performed by: DefaultPullPolicy()
05:31:31.630 [main] INFO org.testcontainers.utility.ImageNameSubstitutor -- Image name substitution will be performed by: DefaultImageNameSubstitutor (composite of 'ConfigurationFileImageNameSubstitutor' and 'PrefixingImageNameSubstitutor')
05:31:32.141 [main] INFO org.testcontainers.dockerclient.DockerClientProviderStrategy -- Found Docker environment with Docker accessed via Unix socket (/Users/mac/.docker/run/docker.sock)
05:31:32.142 [main] INFO org.testcontainers.DockerClientFactory -- Docker host IP address is localhost
05:31:32.164 [main] INFO org.testcontainers.DockerClientFactory -- Connected to docker: 
  Server Version: 28.5.1
  API Version: 1.51
  Operating System: Docker Desktop
  Total Memory: 7838 MB
05:31:32.233 [main] INFO tc.testcontainers/ryuk:0.5.1 -- Creating container for image: testcontainers/ryuk:0.5.1
05:31:32.442 [main] INFO tc.testcontainers/ryuk:0.5.1 -- Container testcontainers/ryuk:0.5.1 is starting: 0a77d0035664f666338e90401e4891688f29bd67059eb13d62000f7b55a9adfa
05:31:32.831 [main] INFO tc.testcontainers/ryuk:0.5.1 -- Container testcontainers/ryuk:0.5.1 started in PT0.597661S
05:31:32.839 [main] INFO org.testcontainers.utility.RyukResourceReaper -- Ryuk started - will monitor and terminate Testcontainers containers on JVM exit
05:31:32.840 [main] INFO org.testcontainers.DockerClientFactory -- Checking the system...
05:31:32.840 [main] INFO org.testcontainers.DockerClientFactory -- ✔︎ Docker server version should be at least 1.6.0
05:31:32.841 [main] INFO tc.wiremock/wiremock:3.3.1 -- Creating container for image: wiremock/wiremock:3.3.1
05:31:32.884 [main] INFO tc.wiremock/wiremock:3.3.1 -- Container wiremock/wiremock:3.3.1 is starting: 140fcc29459b7f25a865861011e22914c512f3f3b8f1363ae70050eebb3e75e7
05:31:34.982 [main] INFO tc.wiremock/wiremock:3.3.1 -- Container wiremock/wiremock:3.3.1 started in PT2.141242S

  .   ____          _            __ _ _
 /\\ / ___'_ __ _ _(_)_ __  __ _ \ \ \ \
( ( )\___ | '_ | '_| | '_ \/ _` | \ \ \ \
 \\/  ___)| |_)| | | | | || (_| |  ) ) ) )
  '  |____| .__|_| |_|_| |_\__, | / / / /
 =========|_|==============|___/=/_/_/_/
 :: Spring Boot ::                (v3.2.0)

2026-02-17T05:31:35.355-05:00  INFO 29381 --- [           main] c.p.s.SiteCreationSagaIntegrationTest    : Starting SiteCreationSagaIntegrationTest using Java 21.0.7 with PID 29381 (started by mac in /Users/mac/IdeaProjects/saga-orchestration-case-study/site-service)
2026-02-17T05:31:35.356-05:00  INFO 29381 --- [           main] c.p.s.SiteCreationSagaIntegrationTest    : No active profile set, falling back to 1 default profile: "default"
2026-02-17T05:31:37.147-05:00  INFO 29381 --- [           main] o.s.b.web.embedded.netty.NettyWebServer  : Netty started on port 50008
2026-02-17T05:31:37.154-05:00  INFO 29381 --- [           main] c.p.s.SiteCreationSagaIntegrationTest    : Started SiteCreationSagaIntegrationTest in 2.118 seconds (process running for 6.461)
2026-02-17T05:31:38.736-05:00  INFO 29381 --- [     parallel-1] com.pocmaster.site.SiteController        : POST /api/site/create: companyId=company-1, siteName=Test Site
2026-02-17T05:31:38.736-05:00  INFO 29381 --- [     parallel-1] c.pocmaster.site.saga.SiteCreationSaga   : Saga run started: companyId=company-1, siteName=Test Site, failIndexation=null
2026-02-17T05:31:38.738-05:00  INFO 29381 --- [     parallel-1] com.lib.pocmaster.saga.SagaExecutor      : newExecutor: input=CreateSiteRequest[companyId=company-1, siteName=Test Site, failIndexation=null]
2026-02-17T05:31:38.740-05:00  INFO 29381 --- [     parallel-1] com.lib.pocmaster.saga.SagaExecutor      : addStep: stepIndex=0
2026-02-17T05:31:38.740-05:00  INFO 29381 --- [     parallel-1] com.lib.pocmaster.saga.SagaExecutor      : addStep: stepIndex=1
2026-02-17T05:31:38.740-05:00  INFO 29381 --- [     parallel-1] com.lib.pocmaster.saga.SagaExecutor      : addStep: stepIndex=2
2026-02-17T05:31:38.740-05:00  INFO 29381 --- [     parallel-1] com.lib.pocmaster.saga.SagaExecutor      : execute: stepsCount=3, transactionId=ba77c137-f713-46f8-bc23-8db685a3ed95
2026-02-17T05:31:38.744-05:00  INFO 29381 --- [     parallel-1] com.lib.pocmaster.saga.SagaExecutor      : executeStep: index=1/3, step=validation-and-creation, transactionId=ba77c137-f713-46f8-bc23-8db685a3ed95
2026-02-17T05:31:38.745-05:00  INFO 29381 --- [     parallel-1] c.p.site.validation.ValidationComponent  : validate: companyId=company-1, siteName=Test Site
2026-02-17T05:31:38.746-05:00  INFO 29381 --- [     parallel-1] c.p.site.validation.ValidationComponent  : validate result: validationId=4444605c-c94a-4938-9f98-2d2a69b0edfc
2026-02-17T05:31:38.746-05:00  INFO 29381 --- [     parallel-1] c.p.site.site.SiteCreationComponent      : create site: validationId=4444605c-c94a-4938-9f98-2d2a69b0edfc, companyId=company-1, siteName=Test Site
2026-02-17T05:31:38.746-05:00  INFO 29381 --- [     parallel-1] c.p.site.site.SiteCreationComponent      : create site result: siteId=4842b5db-4300-460b-9c36-507fe5a16eba
2026-02-17T05:31:38.746-05:00  INFO 29381 --- [     parallel-1] com.lib.pocmaster.saga.SagaExecutor      : executeStep: index=2/3, step=acl, transactionId=ba77c137-f713-46f8-bc23-8db685a3ed95
2026-02-17T05:31:38.831-05:00  INFO 29381 --- [ctor-http-nio-5] com.lib.pocmaster.saga.SagaExecutor      : executeStep: index=3/3, step=indexation, transactionId=ba77c137-f713-46f8-bc23-8db685a3ed95
2026-02-17T05:31:38.831-05:00  INFO 29381 --- [ctor-http-nio-5] c.p.site.indexation.IndexationComponent  : indexation publish: siteId=4842b5db-4300-460b-9c36-507fe5a16eba, succeed=true
2026-02-17T05:31:38.831-05:00  INFO 29381 --- [ctor-http-nio-5] com.lib.pocmaster.saga.SagaExecutor      : executeStep: completed, index=3, transactionId=ba77c137-f713-46f8-bc23-8db685a3ed95
2026-02-17T05:31:38.832-05:00  INFO 29381 --- [ctor-http-nio-5] c.pocmaster.site.saga.SiteCreationSaga   : Saga run completed: companyId=company-1, siteName=Test Site
]]></system-out>
    <system-err><![CDATA[WARNING: A Java agent has been loaded dynamically (/Users/mac/.m2/repository/net/bytebuddy/byte-buddy-agent/1.14.10/byte-buddy-agent-1.14.10.jar)
WARNING: If a serviceability tool is in use, please run with -XX:+EnableDynamicAgentLoading to hide this warning
WARNING: If a serviceability tool is not in use, please run with -Djdk.instrument.traceUsage for more information
WARNING: Dynamic loading of agents will be disallowed by default in a future release
]]></system-err>
  </testcase>
  <testcase name="createSite_failIndexation_triggers_compensation" classname="com.pocmaster.site.SiteCreationSagaIntegrationTest" time="0.088">
    <system-out><![CDATA[2026-02-17T05:31:38.874-05:00  INFO 29381 --- [     parallel-2] com.pocmaster.site.SiteController        : POST /api/site/create: companyId=company-1, siteName=Test Site
2026-02-17T05:31:38.875-05:00  INFO 29381 --- [     parallel-2] c.pocmaster.site.saga.SiteCreationSaga   : Saga run started: companyId=company-1, siteName=Test Site, failIndexation=true
2026-02-17T05:31:38.875-05:00  INFO 29381 --- [     parallel-2] com.lib.pocmaster.saga.SagaExecutor      : newExecutor: input=CreateSiteRequest[companyId=company-1, siteName=Test Site, failIndexation=true]
2026-02-17T05:31:38.875-05:00  INFO 29381 --- [     parallel-2] com.lib.pocmaster.saga.SagaExecutor      : addStep: stepIndex=0
2026-02-17T05:31:38.875-05:00  INFO 29381 --- [     parallel-2] com.lib.pocmaster.saga.SagaExecutor      : addStep: stepIndex=1
2026-02-17T05:31:38.875-05:00  INFO 29381 --- [     parallel-2] com.lib.pocmaster.saga.SagaExecutor      : addStep: stepIndex=2
2026-02-17T05:31:38.875-05:00  INFO 29381 --- [     parallel-2] com.lib.pocmaster.saga.SagaExecutor      : execute: stepsCount=3, transactionId=09f031fe-1bf1-46bc-8c29-bb048310fc76
2026-02-17T05:31:38.876-05:00  INFO 29381 --- [     parallel-2] com.lib.pocmaster.saga.SagaExecutor      : executeStep: index=1/3, step=validation-and-creation, transactionId=09f031fe-1bf1-46bc-8c29-bb048310fc76
2026-02-17T05:31:38.876-05:00  INFO 29381 --- [     parallel-2] c.p.site.validation.ValidationComponent  : validate: companyId=company-1, siteName=Test Site
2026-02-17T05:31:38.876-05:00  INFO 29381 --- [     parallel-2] c.p.site.validation.ValidationComponent  : validate result: validationId=dec88b11-ea4b-4b16-9404-d0f9fd4436a2
2026-02-17T05:31:38.876-05:00  INFO 29381 --- [     parallel-2] c.p.site.site.SiteCreationComponent      : create site: validationId=dec88b11-ea4b-4b16-9404-d0f9fd4436a2, companyId=company-1, siteName=Test Site
2026-02-17T05:31:38.876-05:00  INFO 29381 --- [     parallel-2] c.p.site.site.SiteCreationComponent      : create site result: siteId=41e781c4-342c-4afa-b34c-2b4bd16a3c25
2026-02-17T05:31:38.877-05:00  INFO 29381 --- [     parallel-2] com.lib.pocmaster.saga.SagaExecutor      : executeStep: index=2/3, step=acl, transactionId=09f031fe-1bf1-46bc-8c29-bb048310fc76
2026-02-17T05:31:38.886-05:00  INFO 29381 --- [ctor-http-nio-5] com.lib.pocmaster.saga.SagaExecutor      : executeStep: index=3/3, step=indexation, transactionId=09f031fe-1bf1-46bc-8c29-bb048310fc76
2026-02-17T05:31:38.887-05:00  INFO 29381 --- [ctor-http-nio-5] c.p.site.indexation.IndexationComponent  : indexation publish: siteId=41e781c4-342c-4afa-b34c-2b4bd16a3c25, succeed=false
2026-02-17T05:31:38.887-05:00  INFO 29381 --- [ctor-http-nio-5] c.p.site.indexation.IndexationComponent  : indexation forced to fail (succeed=false), triggering compensation
2026-02-17T05:31:38.890-05:00  INFO 29381 --- [ctor-http-nio-5] com.lib.pocmaster.saga.SagaExecutor      : executeStep failed: index=3, step=indexation, error=succeed=false, transactionId=09f031fe-1bf1-46bc-8c29-bb048310fc76
2026-02-17T05:31:38.891-05:00  INFO 29381 --- [ctor-http-nio-5] com.lib.pocmaster.saga.SagaExecutor      : rollback: compensating step index=2, step=acl
2026-02-17T05:31:38.891-05:00  INFO 29381 --- [ctor-http-nio-5] com.lib.pocmaster.saga.SagaExecutor      : rollback: compensating step index=1, step=validation-and-creation
2026-02-17T05:31:38.891-05:00  INFO 29381 --- [ctor-http-nio-5] com.lib.pocmaster.saga.SagaExecutor      : rollback: finished, propagating original error
2026-02-17T05:31:38.904-05:00  INFO 29381 --- [ctor-http-nio-5] c.p.site.site.SiteCreationComponent      : compensate site: siteId=41e781c4-342c-4afa-b34c-2b4bd16a3c25
2026-02-17T05:31:38.904-05:00  INFO 29381 --- [ctor-http-nio-5] c.p.site.validation.ValidationComponent  : compensate validation: validationId=dec88b11-ea4b-4b16-9404-d0f9fd4436a2
2026-02-17T05:31:38.905-05:00  INFO 29381 --- [ctor-http-nio-5] com.lib.pocmaster.saga.SagaExecutor      : executeStep failed: index=2, step=acl, error=succeed=false, transactionId=09f031fe-1bf1-46bc-8c29-bb048310fc76
2026-02-17T05:31:38.905-05:00  INFO 29381 --- [ctor-http-nio-5] com.lib.pocmaster.saga.SagaExecutor      : rollback: compensating step index=1, step=validation-and-creation
2026-02-17T05:31:38.905-05:00  INFO 29381 --- [ctor-http-nio-5] com.lib.pocmaster.saga.SagaExecutor      : rollback: finished, propagating original error
2026-02-17T05:31:38.905-05:00  INFO 29381 --- [ctor-http-nio-5] c.p.site.site.SiteCreationComponent      : compensate site: siteId=41e781c4-342c-4afa-b34c-2b4bd16a3c25
2026-02-17T05:31:38.905-05:00  INFO 29381 --- [ctor-http-nio-5] c.p.site.validation.ValidationComponent  : compensate validation: validationId=dec88b11-ea4b-4b16-9404-d0f9fd4436a2
2026-02-17T05:31:38.905-05:00  INFO 29381 --- [ctor-http-nio-5] com.lib.pocmaster.saga.SagaExecutor      : executeStep failed: index=1, step=validation-and-creation, error=succeed=false, transactionId=09f031fe-1bf1-46bc-8c29-bb048310fc76
2026-02-17T05:31:38.905-05:00  INFO 29381 --- [ctor-http-nio-5] com.lib.pocmaster.saga.SagaExecutor      : rollback: finished, propagating original error
2026-02-17T05:31:38.905-05:00  INFO 29381 --- [ctor-http-nio-5] c.pocmaster.site.saga.SiteCreationSaga   : Saga run failed: companyId=company-1, siteName=Test Site, error=succeed=false
2026-02-17T05:31:38.922-05:00 ERROR 29381 --- [ctor-http-nio-5] a.w.r.e.AbstractErrorWebExceptionHandler : [38ff1a2c]  500 Server Error for HTTP POST "/api/site/create"

com.pocmaster.site.indexation.IndexationComponent$IndexationFailedException: succeed=false
	at com.pocmaster.site.indexation.IndexationComponent.publish(IndexationComponent.java:23) ~[classes/:na]
	Suppressed: reactor.core.publisher.FluxOnAssembly$OnAssemblyException: 
Error has been observed at the following site(s):
	*__checkpoint ⇢ Handler com.pocmaster.site.SiteController#createSite(CreateSiteRequest) [DispatcherHandler]
	*__checkpoint ⇢ HTTP POST "/api/site/create" [ExceptionHandlingWebHandler]
Original Stack Trace:
		at com.pocmaster.site.indexation.IndexationComponent.publish(IndexationComponent.java:23) ~[classes/:na]
		at com.pocmaster.site.saga.SiteCreationSaga.lambda$run$6(SiteCreationSaga.java:78) ~[classes/:na]
		at com.lib.pocmaster.saga.SagaExecutor.lambda$executeStep$0(SagaExecutor.java:57) ~[saga-transaction-lib-1.0.0-SNAPSHOT.jar:1.0.0-SNAPSHOT]
		at com.lib.pocmaster.saga.SagaExecutor.lambda$runInTransaction$6(SagaExecutor.java:109) ~[saga-transaction-lib-1.0.0-SNAPSHOT.jar:1.0.0-SNAPSHOT]
		at reactor.core.publisher.MonoDeferContextual.subscribe(MonoDeferContextual.java:47) ~[reactor-core-3.6.0.jar:3.6.0]
		at reactor.core.publisher.InternalMonoOperator.subscribe(InternalMonoOperator.java:76) ~[reactor-core-3.6.0.jar:3.6.0]
		at reactor.core.publisher.MonoDeferContextual.subscribe(MonoDeferContextual.java:55) ~[reactor-core-3.6.0.jar:3.6.0]
		at reactor.core.publisher.MonoFlatMap$FlatMapMain.onNext(MonoFlatMap.java:165) ~[reactor-core-3.6.0.jar:3.6.0]
		at reactor.core.publisher.MonoIgnoreThen$ThenIgnoreMain.complete(MonoIgnoreThen.java:293) ~[reactor-core-3.6.0.jar:3.6.0]
		at reactor.core.publisher.MonoIgnoreThen$ThenIgnoreMain.onNext(MonoIgnoreThen.java:188) ~[reactor-core-3.6.0.jar:3.6.0]
		at reactor.core.publisher.MonoIgnoreThen$ThenIgnoreMain.subscribeNext(MonoIgnoreThen.java:237) ~[reactor-core-3.6.0.jar:3.6.0]
		at reactor.core.publisher.MonoIgnoreThen$ThenIgnoreMain.onComplete(MonoIgnoreThen.java:204) ~[reactor-core-3.6.0.jar:3.6.0]
		at reactor.core.publisher.MonoFlatMap$FlatMapMain.secondComplete(MonoFlatMap.java:246) ~[reactor-core-3.6.0.jar:3.6.0]
		at reactor.core.publisher.MonoFlatMap$FlatMapInner.onNext(MonoFlatMap.java:305) ~[reactor-core-3.6.0.jar:3.6.0]
		at reactor.core.publisher.MonoFlatMap$FlatMapMain.secondComplete(MonoFlatMap.java:245) ~[reactor-core-3.6.0.jar:3.6.0]
		at reactor.core.publisher.MonoFlatMap$FlatMapInner.onNext(MonoFlatMap.java:305) ~[reactor-core-3.6.0.jar:3.6.0]
		at reactor.core.publisher.MonoIgnoreThen$ThenIgnoreMain.complete(MonoIgnoreThen.java:293) ~[reactor-core-3.6.0.jar:3.6.0]
		at reactor.core.publisher.MonoIgnoreThen$ThenIgnoreMain.onNext(MonoIgnoreThen.java:188) ~[reactor-core-3.6.0.jar:3.6.0]
		at reactor.core.publisher.MonoIgnoreThen$ThenIgnoreMain.subscribeNext(MonoIgnoreThen.java:237) ~[reactor-core-3.6.0.jar:3.6.0]
		at reactor.core.publisher.MonoIgnoreThen$ThenIgnoreMain.onComplete(MonoIgnoreThen.java:204) ~[reactor-core-3.6.0.jar:3.6.0]
		at reactor.core.publisher.Operators$MultiSubscriptionSubscriber.onComplete(Operators.java:2231) ~[reactor-core-3.6.0.jar:3.6.0]
		at reactor.core.publisher.MonoIgnoreElements$IgnoreElementsSubscriber.onComplete(MonoIgnoreElements.java:89) ~[reactor-core-3.6.0.jar:3.6.0]
		at reactor.core.publisher.FluxMapFuseable$MapFuseableSubscriber.onComplete(FluxMapFuseable.java:152) ~[reactor-core-3.6.0.jar:3.6.0]
		at reactor.core.publisher.FluxMap$MapSubscriber.onComplete(FluxMap.java:144) ~[reactor-core-3.6.0.jar:3.6.0]
		at reactor.core.publisher.FluxPeek$PeekSubscriber.onComplete(FluxPeek.java:260) ~[reactor-core-3.6.0.jar:3.6.0]
		at reactor.core.publisher.FluxMap$MapSubscriber.onComplete(FluxMap.java:144) ~[reactor-core-3.6.0.jar:3.6.0]
		at reactor.netty.channel.FluxReceive.onInboundComplete(FluxReceive.java:415) ~[reactor-netty-core-1.1.13.jar:1.1.13]
		at reactor.netty.channel.ChannelOperations.onInboundComplete(ChannelOperations.java:446) ~[reactor-netty-core-1.1.13.jar:1.1.13]
		at reactor.netty.channel.ChannelOperations.terminate(ChannelOperations.java:500) ~[reactor-netty-core-1.1.13.jar:1.1.13]
		at reactor.netty.http.client.HttpClientOperations.onInboundNext(HttpClientOperations.java:768) ~[reactor-netty-http-1.1.13.jar:1.1.13]
		at reactor.netty.channel.ChannelOperationsHandler.channelRead(ChannelOperationsHandler.java:114) ~[reactor-netty-core-1.1.13.jar:1.1.13]
		at io.netty.channel.AbstractChannelHandlerContext.invokeChannelRead(AbstractChannelHandlerContext.java:444) ~[netty-transport-4.1.101.Final.jar:4.1.101.Final]
		at io.netty.channel.AbstractChannelHandlerContext.invokeChannelRead(AbstractChannelHandlerContext.java:420) ~[netty-transport-4.1.101.Final.jar:4.1.101.Final]
		at io.netty.channel.AbstractChannelHandlerContext.fireChannelRead(AbstractChannelHandlerContext.java:412) ~[netty-transport-4.1.101.Final.jar:4.1.101.Final]
		at io.netty.handler.codec.MessageToMessageDecoder.channelRead(MessageToMessageDecoder.java:103) ~[netty-codec-4.1.101.Final.jar:4.1.101.Final]
		at io.netty.channel.AbstractChannelHandlerContext.invokeChannelRead(AbstractChannelHandlerContext.java:444) ~[netty-transport-4.1.101.Final.jar:4.1.101.Final]
		at io.netty.channel.AbstractChannelHandlerContext.invokeChannelRead(AbstractChannelHandlerContext.java:420) ~[netty-transport-4.1.101.Final.jar:4.1.101.Final]
		at io.netty.channel.AbstractChannelHandlerContext.fireChannelRead(AbstractChannelHandlerContext.java:412) ~[netty-transport-4.1.101.Final.jar:4.1.101.Final]
		at io.netty.channel.CombinedChannelDuplexHandler$DelegatingChannelHandlerContext.fireChannelRead(CombinedChannelDuplexHandler.java:436) ~[netty-transport-4.1.101.Final.jar:4.1.101.Final]
		at io.netty.handler.codec.ByteToMessageDecoder.fireChannelRead(ByteToMessageDecoder.java:346) ~[netty-codec-4.1.101.Final.jar:4.1.101.Final]
		at io.netty.handler.codec.ByteToMessageDecoder.channelRead(ByteToMessageDecoder.java:318) ~[netty-codec-4.1.101.Final.jar:4.1.101.Final]
		at io.netty.channel.CombinedChannelDuplexHandler.channelRead(CombinedChannelDuplexHandler.java:251) ~[netty-transport-4.1.101.Final.jar:4.1.101.Final]
		at io.netty.channel.AbstractChannelHandlerContext.invokeChannelRead(AbstractChannelHandlerContext.java:442) ~[netty-transport-4.1.101.Final.jar:4.1.101.Final]
		at io.netty.channel.AbstractChannelHandlerContext.invokeChannelRead(AbstractChannelHandlerContext.java:420) ~[netty-transport-4.1.101.Final.jar:4.1.101.Final]
		at io.netty.channel.AbstractChannelHandlerContext.fireChannelRead(AbstractChannelHandlerContext.java:412) ~[netty-transport-4.1.101.Final.jar:4.1.101.Final]
		at io.netty.channel.DefaultChannelPipeline$HeadContext.channelRead(DefaultChannelPipeline.java:1410) ~[netty-transport-4.1.101.Final.jar:4.1.101.Final]
		at io.netty.channel.AbstractChannelHandlerContext.invokeChannelRead(AbstractChannelHandlerContext.java:440) ~[netty-transport-4.1.101.Final.jar:4.1.101.Final]
		at io.netty.channel.AbstractChannelHandlerContext.invokeChannelRead(AbstractChannelHandlerContext.java:420) ~[netty-transport-4.1.101.Final.jar:4.1.101.Final]
		at io.netty.channel.DefaultChannelPipeline.fireChannelRead(DefaultChannelPipeline.java:919) ~[netty-transport-4.1.101.Final.jar:4.1.101.Final]
		at io.netty.channel.nio.AbstractNioByteChannel$NioByteUnsafe.read(AbstractNioByteChannel.java:166) ~[netty-transport-4.1.101.Final.jar:4.1.101.Final]
		at io.netty.channel.nio.NioEventLoop.processSelectedKey(NioEventLoop.java:788) ~[netty-transport-4.1.101.Final.jar:4.1.101.Final]
		at io.netty.channel.nio.NioEventLoop.processSelectedKeysOptimized(NioEventLoop.java:724) ~[netty-transport-4.1.101.Final.jar:4.1.101.Final]
		at io.netty.channel.nio.NioEventLoop.processSelectedKeys(NioEventLoop.java:650) ~[netty-transport-4.1.101.Final.jar:4.1.101.Final]
		at io.netty.channel.nio.NioEventLoop.run(NioEventLoop.java:562) ~[netty-transport-4.1.101.Final.jar:4.1.101.Final]
		at io.netty.util.concurrent.SingleThreadEventExecutor$4.run(SingleThreadEventExecutor.java:997) ~[netty-common-4.1.101.Final.jar:4.1.101.Final]
		at io.netty.util.internal.ThreadExecutorMap$2.run(ThreadExecutorMap.java:74) ~[netty-common-4.1.101.Final.jar:4.1.101.Final]
		at io.netty.util.concurrent.FastThreadLocalRunnable.run(FastThreadLocalRunnable.java:30) ~[netty-common-4.1.101.Final.jar:4.1.101.Final]
		at java.base/java.lang.Thread.run(Thread.java:1583) ~[na:na]

]]></system-out>
  </testcase>
</testsuite>